  workYamaguchi.cpp
  workSon.cpp
  workSekiguchi.cpp
  workMatsuo.cpp
  workImagawa.cpp
  workChisaka.cpp
  wall.cpp
  titlelogo.cpp
  title.cpp
  stage.cpp
  sound.cpp
  resultlogo.cpp
  result.cpp
  police.cpp
  player.cpp
  main.cpp
d:\users\chisakakouta\desktop\happyhomedesigner\happyhomedesigner\happyhomedesigner\main.cpp(77): warning C4244: '引数': 'float' から 'int' への変換です。データが失われる可能性があります。
d:\users\chisakakouta\desktop\happyhomedesigner\happyhomedesigner\happyhomedesigner\main.cpp(235): warning C4244: '=': 'float' から 'UINT' への変換です。データが失われる可能性があります。
d:\users\chisakakouta\desktop\happyhomedesigner\happyhomedesigner\happyhomedesigner\main.cpp(236): warning C4244: '=': 'float' から 'UINT' への変換です。データが失われる可能性があります。
  Light.cpp
d:\users\chisakakouta\desktop\happyhomedesigner\happyhomedesigner\happyhomedesigner\light.cpp : warning C4819: ファイルは、現在のコード ページ (932) で表示できない文字を含んでいます。データの損失を防ぐために、ファイルを Unicode 形式で保存してください。
  input.cpp
d:\users\chisakakouta\desktop\happyhomedesigner\happyhomedesigner\happyhomedesigner\input.cpp(316): warning C4244: '引数': 'float' から 'int' への変換です。データが失われる可能性があります。
  house.cpp
  game.cpp
  コードを生成中...
  コンパイル中...
  furniture.cpp
  field.cpp
  fade.cpp
  debugproc.cpp
d:\users\chisakakouta\desktop\happyhomedesigner\happyhomedesigner\happyhomedesigner\debugproc.cpp(76): warning C4838: 'float' から 'LONG' への変換には縮小変換が必要です
d:\users\chisakakouta\desktop\happyhomedesigner\happyhomedesigner\happyhomedesigner\debugproc.cpp(76): warning C4244: '初期化中': 'float' から 'LONG' への変換です。データが失われる可能性があります。
d:\users\chisakakouta\desktop\happyhomedesigner\happyhomedesigner\happyhomedesigner\debugproc.cpp(112): warning C4996: 'sprintf': This function or variable may be unsafe. Consider using sprintf_s instead. To disable deprecation, use _CRT_SECURE_NO_WARNINGS. See online help for details.
  c:\program files (x86)\windows kits\10\include\10.0.10240.0\ucrt\stdio.h(1769): note: 'sprintf' の宣言を確認してください
d:\users\chisakakouta\desktop\happyhomedesigner\happyhomedesigner\happyhomedesigner\debugproc.cpp(122): warning C4996: 'sprintf': This function or variable may be unsafe. Consider using sprintf_s instead. To disable deprecation, use _CRT_SECURE_NO_WARNINGS. See online help for details.
  c:\program files (x86)\windows kits\10\include\10.0.10240.0\ucrt\stdio.h(1769): note: 'sprintf' の宣言を確認してください
d:\users\chisakakouta\desktop\happyhomedesigner\happyhomedesigner\happyhomedesigner\debugproc.cpp(127): warning C4996: 'sprintf': This function or variable may be unsafe. Consider using sprintf_s instead. To disable deprecation, use _CRT_SECURE_NO_WARNINGS. See online help for details.
  c:\program files (x86)\windows kits\10\include\10.0.10240.0\ucrt\stdio.h(1769): note: 'sprintf' の宣言を確認してください
d:\users\chisakakouta\desktop\happyhomedesigner\happyhomedesigner\happyhomedesigner\debugproc.cpp(132): warning C4996: 'sprintf': This function or variable may be unsafe. Consider using sprintf_s instead. To disable deprecation, use _CRT_SECURE_NO_WARNINGS. See online help for details.
  c:\program files (x86)\windows kits\10\include\10.0.10240.0\ucrt\stdio.h(1769): note: 'sprintf' の宣言を確認してください
d:\users\chisakakouta\desktop\happyhomedesigner\happyhomedesigner\happyhomedesigner\debugproc.cpp(137): warning C4996: 'sprintf': This function or variable may be unsafe. Consider using sprintf_s instead. To disable deprecation, use _CRT_SECURE_NO_WARNINGS. See online help for details.
  c:\program files (x86)\windows kits\10\include\10.0.10240.0\ucrt\stdio.h(1769): note: 'sprintf' の宣言を確認してください
d:\users\chisakakouta\desktop\happyhomedesigner\happyhomedesigner\happyhomedesigner\debugproc.cpp(142): warning C4996: 'sprintf': This function or variable may be unsafe. Consider using sprintf_s instead. To disable deprecation, use _CRT_SECURE_NO_WARNINGS. See online help for details.
  c:\program files (x86)\windows kits\10\include\10.0.10240.0\ucrt\stdio.h(1769): note: 'sprintf' の宣言を確認してください
d:\users\chisakakouta\desktop\happyhomedesigner\happyhomedesigner\happyhomedesigner\debugproc.cpp(147): warning C4996: 'sprintf': This function or variable may be unsafe. Consider using sprintf_s instead. To disable deprecation, use _CRT_SECURE_NO_WARNINGS. See online help for details.
  c:\program files (x86)\windows kits\10\include\10.0.10240.0\ucrt\stdio.h(1769): note: 'sprintf' の宣言を確認してください
d:\users\chisakakouta\desktop\happyhomedesigner\happyhomedesigner\happyhomedesigner\debugproc.cpp(151): warning C4996: 'sprintf': This function or variable may be unsafe. Consider using sprintf_s instead. To disable deprecation, use _CRT_SECURE_NO_WARNINGS. See online help for details.
  c:\program files (x86)\windows kits\10\include\10.0.10240.0\ucrt\stdio.h(1769): note: 'sprintf' の宣言を確認してください
d:\users\chisakakouta\desktop\happyhomedesigner\happyhomedesigner\happyhomedesigner\debugproc.cpp(155): warning C4996: 'strcat': This function or variable may be unsafe. Consider using strcat_s instead. To disable deprecation, use _CRT_SECURE_NO_WARNINGS. See online help for details.
  c:\program files (x86)\windows kits\10\include\10.0.10240.0\ucrt\string.h(90): note: 'strcat' の宣言を確認してください
d:\users\chisakakouta\desktop\happyhomedesigner\happyhomedesigner\happyhomedesigner\debugproc.cpp(164): warning C4996: 'strcat': This function or variable may be unsafe. Consider using strcat_s instead. To disable deprecation, use _CRT_SECURE_NO_WARNINGS. See online help for details.
  c:\program files (x86)\windows kits\10\include\10.0.10240.0\ucrt\string.h(90): note: 'strcat' の宣言を確認してください
  collision.cpp
  camera.cpp
  calculate.cpp
d:\users\chisakakouta\desktop\happyhomedesigner\happyhomedesigner\happyhomedesigner\calculate.cpp(52): warning C4305: '+=': 'double' から 'float' へ切り詰めます。
d:\users\chisakakouta\desktop\happyhomedesigner\happyhomedesigner\happyhomedesigner\calculate.cpp(56): warning C4244: '初期化中': 'double' から 'float' への変換です。データが失われる可能性があります。
  コードを生成中...
calculate.obj : error LNK2019: 未解決の外部シンボル D3DXQuaternionRotationAxis が関数 "void __cdecl QuaternionCalculate(struct D3DXVECTOR3 *,struct D3DXVECTOR3 *,float,struct D3DXVECTOR3 *)" (?QuaternionCalculate@@YAXPEAUD3DXVECTOR3@@0M0@Z) で参照されました。
calculate.obj : error LNK2019: 未解決の外部シンボル D3DXQuaternionMultiply が関数 "void __cdecl QuaternionCalculate(struct D3DXVECTOR3 *,struct D3DXVECTOR3 *,float,struct D3DXVECTOR3 *)" (?QuaternionCalculate@@YAXPEAUD3DXVECTOR3@@0M0@Z) で参照されました。
camera.obj : error LNK2019: 未解決の外部シンボル D3DXMatrixLookAtLH が関数 "void __cdecl SetCamera(void)" (?SetCamera@@YAXXZ) で参照されました。
camera.obj : error LNK2019: 未解決の外部シンボル D3DXMatrixPerspectiveFovLH が関数 "void __cdecl SetCamera(void)" (?SetCamera@@YAXXZ) で参照されました。
debugproc.obj : error LNK2019: 未解決の外部シンボル D3DXCreateFontA が関数 "long __cdecl InitDebugProc(void)" (?InitDebugProc@@YAJXZ) で参照されました。
input.obj : error LNK2019: 未解決の外部シンボル DirectInput8Create が関数 "long __cdecl InitInput(struct HINSTANCE__ *,struct HWND__ *)" (?InitInput@@YAJPEAUHINSTANCE__@@PEAUHWND__@@@Z) で参照されました。
input.obj : error LNK2001: 外部シンボル "IID_IDirectInput8A" は未解決です。
input.obj : error LNK2001: 外部シンボル "GUID_SysMouse" は未解決です。
input.obj : error LNK2001: 外部シンボル "GUID_SysKeyboard" は未解決です。
input.obj : error LNK2001: 外部シンボル "c_dfDIMouse2" は未解決です。
input.obj : error LNK2001: 外部シンボル "c_dfDIKeyboard" は未解決です。
input.obj : error LNK2001: 外部シンボル "c_dfDIJoystick2" は未解決です。
Light.obj : error LNK2019: 未解決の外部シンボル D3DXVec3Normalize が関数 "void __cdecl InitLight(void)" (?InitLight@@YAXXZ) で参照されました。
main.obj : error LNK2019: 未解決の外部シンボル Direct3DCreate9 が関数 "long __cdecl Init(struct HINSTANCE__ *,struct HWND__ *,int)" (?Init@@YAJPEAUHINSTANCE__@@PEAUHWND__@@H@Z) で参照されました。
sound.obj : error LNK2019: 未解決の外部シンボル DirectSoundCreate8 が関数 "long __cdecl InitSound(struct HWND__ *)" (?InitSound@@YAJPEAUHWND__@@@Z) で参照されました。
sound.obj : error LNK2001: 外部シンボル "IID_IDirectSoundBuffer8" は未解決です。
C:\Program Files (x86)\Microsoft DirectX SDK (June 2010)\Lib\x86\d3d9.lib : warning LNK4272: ライブラリのコンピューターの種類 'X86' がターゲットのコンピューターの種類' x64' と競合しています
C:\Program Files (x86)\Microsoft DirectX SDK (June 2010)\Lib\x86\d3dx9.lib : warning LNK4272: ライブラリのコンピューターの種類 'X86' がターゲットのコンピューターの種類' x64' と競合しています
C:\Program Files (x86)\Microsoft DirectX SDK (June 2010)\Lib\x86\dxguid.lib : warning LNK4272: ライブラリのコンピューターの種類 'X86' がターゲットのコンピューターの種類' x64' と競合しています
C:\Program Files (x86)\Microsoft DirectX SDK (June 2010)\Lib\x86\dinput8.lib : warning LNK4272: ライブラリのコンピューターの種類 'X86' がターゲットのコンピューターの種類' x64' と競合しています
C:\Program Files (x86)\Microsoft DirectX SDK (June 2010)\Lib\x86\dsound.lib : warning LNK4272: ライブラリのコンピューターの種類 'X86' がターゲットのコンピューターの種類' x64' と競合しています
D:\Users\chisakakouta\Desktop\HappyHomeDesigner\HappyHomeDesigner\x64\Debug\HappyHomeDesigner.exe : fatal error LNK1120: 16 件の未解決の外部参照
